DEBUG 2025-11-26 13:18:59,146 [logging_config.py:setup_logging:62] Logging configured. Log file: logs\debug.log
DEBUG 2025-11-26 13:18:59,147 [cli.py:main:43] CLI started with verbose=False
INFO 2025-11-26 13:18:59,148 [cli.py:self_check:86] Running self-check
DEBUG 2025-11-26 13:18:59,151 [sim.py:generate_simulation_matrix:9] Generating simulation matrix with n_samples=10, n_dims=3, seed=0
DEBUG 2025-11-26 13:18:59,151 [sim.py:generate_simulation_matrix:12] Generated matrix shape: (10, 3)
INFO 2025-11-26 13:18:59,152 [persistence.py:compute_alpha_complex_persistence:24] Computing alpha complex persistence for data of shape (10, 3), dims=[0, 1]
DEBUG 2025-11-26 13:18:59,154 [persistence.py:mask_infinities:10] Masking infinities in array with shape (10, 2)
DEBUG 2025-11-26 13:18:59,154 [persistence.py:mask_infinities:12] Resulting masked array shape: (9, 2)
DEBUG 2025-11-26 13:18:59,154 [persistence.py:compute_alpha_complex_persistence:32] Dim 0: 9 intervals after masking
DEBUG 2025-11-26 13:18:59,154 [persistence.py:mask_infinities:10] Masking infinities in array with shape (10, 2)
DEBUG 2025-11-26 13:18:59,154 [persistence.py:mask_infinities:12] Resulting masked array shape: (10, 2)
DEBUG 2025-11-26 13:18:59,154 [persistence.py:compute_alpha_complex_persistence:32] Dim 1: 10 intervals after masking
INFO 2025-11-26 13:18:59,156 [landscapes.py:compute_landscapes:18] Computing landscapes: dims=[0, 1], num_landscapes=5, resolution=50
DEBUG 2025-11-26 13:18:59,159 [landscapes.py:compute_landscapes:32] Dim 0: landscapes shape (1, 250)
DEBUG 2025-11-26 13:18:59,160 [landscapes.py:compute_landscapes:32] Dim 1: landscapes shape (1, 250)
DEBUG 2025-11-26 13:19:10,509 [logging_config.py:setup_logging:62] Logging configured. Log file: logs\debug.log
DEBUG 2025-11-26 13:19:10,509 [cli.py:main:43] CLI started with verbose=False
INFO 2025-11-26 13:19:10,510 [cli.py:self_check:86] Running self-check
DEBUG 2025-11-26 13:19:10,512 [sim.py:generate_simulation_matrix:9] Generating simulation matrix with n_samples=10, n_dims=3, seed=0
DEBUG 2025-11-26 13:19:10,512 [sim.py:generate_simulation_matrix:12] Generated matrix shape: (10, 3)
INFO 2025-11-26 13:19:10,513 [persistence.py:compute_alpha_complex_persistence:24] Computing alpha complex persistence for data of shape (10, 3), dims=[0, 1]
DEBUG 2025-11-26 13:19:10,515 [persistence.py:mask_infinities:10] Masking infinities in array with shape (10, 2)
DEBUG 2025-11-26 13:19:10,515 [persistence.py:mask_infinities:12] Resulting masked array shape: (9, 2)
DEBUG 2025-11-26 13:19:10,515 [persistence.py:compute_alpha_complex_persistence:32] Dim 0: 9 intervals after masking
DEBUG 2025-11-26 13:19:10,515 [persistence.py:mask_infinities:10] Masking infinities in array with shape (10, 2)
DEBUG 2025-11-26 13:19:10,515 [persistence.py:mask_infinities:12] Resulting masked array shape: (10, 2)
DEBUG 2025-11-26 13:19:10,515 [persistence.py:compute_alpha_complex_persistence:32] Dim 1: 10 intervals after masking
INFO 2025-11-26 13:19:10,516 [landscapes.py:compute_landscapes:18] Computing landscapes: dims=[0, 1], num_landscapes=5, resolution=50
DEBUG 2025-11-26 13:19:10,518 [landscapes.py:compute_landscapes:32] Dim 0: landscapes shape (1, 250)
DEBUG 2025-11-26 13:19:10,518 [landscapes.py:compute_landscapes:32] Dim 1: landscapes shape (1, 250)
DEBUG 2025-11-26 13:20:05,439 [logging_config.py:setup_logging:62] Logging configured. Log file: logs\debug.log
DEBUG 2025-11-26 13:20:05,442 [cli.py:main:43] CLI started with verbose=True
INFO 2025-11-26 13:20:05,443 [cli.py:run_pipeline:60] Running pipeline with n_samples=1000, n_dims=3, seed=42, dims=[0, 1, 2]
DEBUG 2025-11-26 13:20:05,444 [sim.py:generate_simulation_matrix:9] Generating simulation matrix with n_samples=1000, n_dims=3, seed=42
DEBUG 2025-11-26 13:20:05,445 [sim.py:generate_simulation_matrix:12] Generated matrix shape: (1000, 3)
INFO 2025-11-26 13:20:05,452 [persistence.py:compute_alpha_complex_persistence:24] Computing alpha complex persistence for data of shape (1000, 3), dims=[0, 1, 2]
DEBUG 2025-11-26 13:20:05,495 [persistence.py:mask_infinities:10] Masking infinities in array with shape (1000, 2)
DEBUG 2025-11-26 13:20:05,496 [persistence.py:mask_infinities:12] Resulting masked array shape: (999, 2)
DEBUG 2025-11-26 13:20:05,497 [persistence.py:compute_alpha_complex_persistence:32] Dim 0: 999 intervals after masking
DEBUG 2025-11-26 13:20:05,499 [persistence.py:mask_infinities:10] Masking infinities in array with shape (2455, 2)
DEBUG 2025-11-26 13:20:05,500 [persistence.py:mask_infinities:12] Resulting masked array shape: (2455, 2)
DEBUG 2025-11-26 13:20:05,501 [persistence.py:compute_alpha_complex_persistence:32] Dim 1: 2455 intervals after masking
DEBUG 2025-11-26 13:20:05,502 [persistence.py:mask_infinities:10] Masking infinities in array with shape (1289, 2)
DEBUG 2025-11-26 13:20:05,504 [persistence.py:mask_infinities:12] Resulting masked array shape: (1289, 2)
DEBUG 2025-11-26 13:20:05,504 [persistence.py:compute_alpha_complex_persistence:32] Dim 2: 1289 intervals after masking
INFO 2025-11-26 13:20:05,514 [landscapes.py:compute_landscapes:18] Computing landscapes: dims=[0, 1, 2], num_landscapes=5, resolution=1000
DEBUG 2025-11-26 13:20:05,535 [landscapes.py:compute_landscapes:32] Dim 0: landscapes shape (1, 5000)
DEBUG 2025-11-26 13:20:05,592 [landscapes.py:compute_landscapes:32] Dim 1: landscapes shape (1, 5000)
DEBUG 2025-11-26 13:20:05,619 [landscapes.py:compute_landscapes:32] Dim 2: landscapes shape (1, 5000)
INFO 2025-11-26 13:20:05,628 [cli.py:run_pipeline:75] Pipeline finished for run_id=00001000000300004220251126132005
DEBUG 2025-11-26 13:20:38,015 [logging_config.py:setup_logging:62] Logging configured. Log file: logs\debug.log
DEBUG 2025-11-26 13:20:38,018 [cli.py:main:43] CLI started with verbose=True
INFO 2025-11-26 13:20:38,019 [cli.py:run_pipeline:60] Running pipeline with n_samples=1000, n_dims=5, seed=42, dims=[0, 1, 2]
DEBUG 2025-11-26 13:20:38,021 [sim.py:generate_simulation_matrix:9] Generating simulation matrix with n_samples=1000, n_dims=5, seed=42
DEBUG 2025-11-26 13:20:38,022 [sim.py:generate_simulation_matrix:12] Generated matrix shape: (1000, 5)
INFO 2025-11-26 13:20:38,031 [persistence.py:compute_alpha_complex_persistence:24] Computing alpha complex persistence for data of shape (1000, 5), dims=[0, 1, 2]
DEBUG 2025-11-26 13:20:42,957 [persistence.py:mask_infinities:10] Masking infinities in array with shape (1000, 2)
DEBUG 2025-11-26 13:20:42,957 [persistence.py:mask_infinities:12] Resulting masked array shape: (999, 2)
DEBUG 2025-11-26 13:20:42,963 [persistence.py:compute_alpha_complex_persistence:32] Dim 0: 999 intervals after masking
DEBUG 2025-11-26 13:20:42,967 [persistence.py:mask_infinities:10] Masking infinities in array with shape (8204, 2)
DEBUG 2025-11-26 13:20:42,969 [persistence.py:mask_infinities:12] Resulting masked array shape: (8204, 2)
DEBUG 2025-11-26 13:20:42,970 [persistence.py:compute_alpha_complex_persistence:32] Dim 1: 8204 intervals after masking
DEBUG 2025-11-26 13:20:42,978 [persistence.py:mask_infinities:10] Masking infinities in array with shape (16013, 2)
DEBUG 2025-11-26 13:20:42,980 [persistence.py:mask_infinities:12] Resulting masked array shape: (16013, 2)
DEBUG 2025-11-26 13:20:42,981 [persistence.py:compute_alpha_complex_persistence:32] Dim 2: 16013 intervals after masking
INFO 2025-11-26 13:20:43,122 [landscapes.py:compute_landscapes:18] Computing landscapes: dims=[0, 1, 2], num_landscapes=5, resolution=1000
DEBUG 2025-11-26 13:20:43,139 [landscapes.py:compute_landscapes:32] Dim 0: landscapes shape (1, 5000)
DEBUG 2025-11-26 13:20:43,333 [landscapes.py:compute_landscapes:32] Dim 1: landscapes shape (1, 5000)
DEBUG 2025-11-26 13:20:43,621 [landscapes.py:compute_landscapes:32] Dim 2: landscapes shape (1, 5000)
INFO 2025-11-26 13:20:43,627 [cli.py:run_pipeline:75] Pipeline finished for run_id=00001000000500004220251126132038
DEBUG 2025-11-26 13:21:00,305 [logging_config.py:setup_logging:62] Logging configured. Log file: logs\debug.log
DEBUG 2025-11-26 13:21:00,306 [cli.py:main:43] CLI started with verbose=False
INFO 2025-11-26 13:21:00,306 [cli.py:run_pipeline:60] Running pipeline with n_samples=1000, n_dims=5, seed=42, dims=[0, 1, 2]
DEBUG 2025-11-26 13:21:00,309 [sim.py:generate_simulation_matrix:9] Generating simulation matrix with n_samples=1000, n_dims=5, seed=42
DEBUG 2025-11-26 13:21:00,309 [sim.py:generate_simulation_matrix:12] Generated matrix shape: (1000, 5)
INFO 2025-11-26 13:21:00,315 [persistence.py:compute_alpha_complex_persistence:24] Computing alpha complex persistence for data of shape (1000, 5), dims=[0, 1, 2]
DEBUG 2025-11-26 13:21:05,109 [persistence.py:mask_infinities:10] Masking infinities in array with shape (1000, 2)
DEBUG 2025-11-26 13:21:05,109 [persistence.py:mask_infinities:12] Resulting masked array shape: (999, 2)
DEBUG 2025-11-26 13:21:05,109 [persistence.py:compute_alpha_complex_persistence:32] Dim 0: 999 intervals after masking
DEBUG 2025-11-26 13:21:05,112 [persistence.py:mask_infinities:10] Masking infinities in array with shape (8204, 2)
DEBUG 2025-11-26 13:21:05,112 [persistence.py:mask_infinities:12] Resulting masked array shape: (8204, 2)
DEBUG 2025-11-26 13:21:05,112 [persistence.py:compute_alpha_complex_persistence:32] Dim 1: 8204 intervals after masking
DEBUG 2025-11-26 13:21:05,116 [persistence.py:mask_infinities:10] Masking infinities in array with shape (16013, 2)
DEBUG 2025-11-26 13:21:05,116 [persistence.py:mask_infinities:12] Resulting masked array shape: (16013, 2)
DEBUG 2025-11-26 13:21:05,116 [persistence.py:compute_alpha_complex_persistence:32] Dim 2: 16013 intervals after masking
INFO 2025-11-26 13:21:05,233 [landscapes.py:compute_landscapes:18] Computing landscapes: dims=[0, 1, 2], num_landscapes=5, resolution=1000
DEBUG 2025-11-26 13:21:05,252 [landscapes.py:compute_landscapes:32] Dim 0: landscapes shape (1, 5000)
DEBUG 2025-11-26 13:21:05,405 [landscapes.py:compute_landscapes:32] Dim 1: landscapes shape (1, 5000)
DEBUG 2025-11-26 13:21:05,680 [landscapes.py:compute_landscapes:32] Dim 2: landscapes shape (1, 5000)
INFO 2025-11-26 13:21:05,687 [cli.py:run_pipeline:75] Pipeline finished for run_id=00001000000500004220251126132100
